<?xml version="1.0" encoding="UTF-8"?>
<!-- Generated by org.testng.reporters.JUnitReportReporter -->
<testsuite hostname="slearn-xbt" failures="0" tests="4" name="testSuites.LoginTest" time="29.294" errors="0" timestamp="2021-12-20T16:35:05 MYT" skipped="0">
  <testcase classname="testSuites.LoginTest" name="invalidLoginTest" time="7.786"/>
  <system-out/>
  <testcase classname="testSuites.LoginTest" name="invalidLoginTest" time="5.082"/>
  <system-out/>
  <testcase classname="testSuites.LoginTest" name="validUserLoginTest" time="7.800"/>
  <system-out/>
  <testcase classname="testSuites.LoginTest" name="validAdminLoginTest" time="8.626"/>
  <system-out/>
</testsuite> <!-- testSuites.LoginTest -->
