<?xml version="1.0" encoding="UTF-8"?>
<!-- Generated by org.testng.reporters.JUnitReportReporter -->
<testsuite hostname="slearn-xbt" failures="0" tests="4" name="testSuites.LoginTest" time="29.314" errors="0" timestamp="2021-12-20T17:21:15 MYT" skipped="0">
  <testcase classname="testSuites.LoginTest" name="invalidLoginTest" time="5.072"/>
  <system-out/>
  <testcase classname="testSuites.LoginTest" name="invalidLoginTest" time="7.831"/>
  <system-out/>
  <testcase classname="testSuites.LoginTest" name="validUserLoginTest" time="7.785"/>
  <system-out/>
  <testcase classname="testSuites.LoginTest" name="validAdminLoginTest" time="8.626"/>
  <system-out/>
</testsuite> <!-- testSuites.LoginTest -->
