<?xml version="1.0" encoding="UTF-8"?>
<!-- Generated by org.testng.reporters.JUnitReportReporter -->
<testsuite hostname="slearn-xbt" failures="0" tests="4" name="testSuites.LoginTest" time="31.053" errors="0" timestamp="2021-12-20T22:23:35 MYT" skipped="0">
  <testcase classname="testSuites.LoginTest" name="invalidLoginTest" time="8.937"/>
  <system-out/>
  <testcase classname="testSuites.LoginTest" name="invalidLoginTest" time="5.211"/>
  <system-out/>
  <testcase classname="testSuites.LoginTest" name="validUserLoginTest" time="8.035"/>
  <system-out/>
  <testcase classname="testSuites.LoginTest" name="validAdminLoginTest" time="8.870"/>
  <system-out/>
</testsuite> <!-- testSuites.LoginTest -->
