<?xml version="1.0" encoding="UTF-8"?>
<!-- Generated by org.testng.reporters.JUnitReportReporter -->
<testsuite hostname="slearn-xbt" failures="0" tests="1" name="testSuites.ShoppingTest" time="55.260" errors="0" timestamp="2021-12-20T23:55:44 MYT" skipped="0">
  <testcase classname="testSuites.ShoppingTest" name="buy2ProductsTest" time="55.260"/>
  <system-out/>
</testsuite> <!-- testSuites.ShoppingTest -->
