<?xml version="1.0" encoding="UTF-8"?>
<!-- Generated by org.testng.reporters.JUnitReportReporter -->
<testsuite hostname="slearn-xbt" failures="0" tests="1" name="testSuites.ShoppingTest" time="22.283" errors="0" timestamp="2021-12-19T00:13:03 MYT" skipped="0">
  <testcase classname="testSuites.ShoppingTest" name="buy2ProductsTest" time="22.283"/>
  <system-out/>
</testsuite> <!-- testSuites.ShoppingTest -->
