<?xml version="1.0" encoding="UTF-8"?>
<!-- Generated by org.testng.reporters.JUnitReportReporter -->
<testsuite hostname="slearn-xbt" failures="0" tests="1" name="testSuites.ShoppingTest" time="31.924" errors="0" timestamp="2021-12-20T16:35:05 MYT" skipped="0">
  <testcase classname="testSuites.ShoppingTest" name="buy2ProductsTest" time="31.924"/>
  <system-out/>
</testsuite> <!-- testSuites.ShoppingTest -->
