<?xml version="1.0" encoding="UTF-8"?>
<!-- Generated by org.testng.reporters.JUnitReportReporter -->
<testsuite hostname="slearn-xbt" failures="0" tests="4" name="testSuites.LoginTest" time="22.096" errors="0" timestamp="2021-12-19T00:13:03 MYT" skipped="0">
  <testcase classname="testSuites.LoginTest" name="invalidLoginTest" time="4.062"/>
  <system-out/>
  <testcase classname="testSuites.LoginTest" name="invalidLoginTest" time="4.526"/>
  <system-out/>
  <testcase classname="testSuites.LoginTest" name="validUserLoginTest" time="6.269"/>
  <system-out/>
  <testcase classname="testSuites.LoginTest" name="validAdminLoginTest" time="7.239"/>
  <system-out/>
</testsuite> <!-- testSuites.LoginTest -->
