<?xml version="1.0" encoding="UTF-8"?>
<!-- Generated by org.testng.reporters.JUnitReportReporter -->
<testsuite hostname="slearn-xbt" failures="0" tests="4" name="testSuites.LoginTest" time="30.128" errors="0" timestamp="2021-12-20T14:37:44 MYT" skipped="0">
  <testcase classname="testSuites.LoginTest" name="invalidLoginTest" time="8.372"/>
  <system-out/>
  <testcase classname="testSuites.LoginTest" name="invalidLoginTest" time="5.150"/>
  <system-out/>
  <testcase classname="testSuites.LoginTest" name="validUserLoginTest" time="7.846"/>
  <system-out/>
  <testcase classname="testSuites.LoginTest" name="validAdminLoginTest" time="8.760"/>
  <system-out/>
</testsuite> <!-- testSuites.LoginTest -->
