<?xml version="1.0" encoding="UTF-8"?>
<!-- Generated by org.testng.reporters.JUnitReportReporter -->
<testsuite hostname="slearn-xbt" failures="0" tests="4" name="testSuites.LoginTest" time="54.277" errors="0" timestamp="2021-12-20T23:55:44 MYT" skipped="0">
  <testcase classname="testSuites.LoginTest" name="invalidLoginTest" time="10.307"/>
  <system-out/>
  <testcase classname="testSuites.LoginTest" name="invalidLoginTest" time="11.293"/>
  <system-out/>
  <testcase classname="testSuites.LoginTest" name="validUserLoginTest" time="15.059"/>
  <system-out/>
  <testcase classname="testSuites.LoginTest" name="validAdminLoginTest" time="17.618"/>
  <system-out/>
</testsuite> <!-- testSuites.LoginTest -->
