<?xml version="1.0" encoding="UTF-8"?>
<!-- Generated by org.testng.reporters.JUnitReportReporter -->
<testsuite hostname="slearn-xbt" failures="0" tests="3" name="testSuites.LoginTests" time="14.044" errors="0" timestamp="2021-12-18T17:34:27 MYT" skipped="0">
  <testcase classname="testSuites.LoginTests" name="invalidLoginTest" time="4.094"/>
  <system-out/>
  <testcase classname="testSuites.LoginTests" name="invalidLoginTest" time="4.800"/>
  <system-out/>
  <testcase classname="testSuites.LoginTests" name="invalidLoginTest" time="5.150"/>
  <system-out/>
</testsuite> <!-- testSuites.LoginTests -->
